<?xml version="1.0" encoding="UTF-8"?>
<testsuite xmlns:xsi="http://www.w3.org/2001/XMLSchema-instance" xsi:noNamespaceSchemaLocation="https://maven.apache.org/surefire/maven-surefire-plugin/xsd/surefire-test-report-3.0.xsd" version="3.0" name="com.websocket.Ewca.EwcaApplicationTests" time="6.715" tests="1" errors="0" skipped="0" failures="0">
  <properties>
[...]
</properties>
  <testcase name="contextLoads" classname="com.websocket.Ewca.EwcaApplicationTests" time="0.923">
    <system-out><![CDATA[17:28:05.747 [main] INFO org.springframework.test.context.support.AnnotationConfigContextLoaderUtils -- Could not detect default configuration classes for test class [com.websocket.Ewca.EwcaApplicationTests]: EwcaApplicationTests does not declare any static, non-private, non-final, nested classes annotated with @Configuration.
17:28:05.932 [main] INFO org.springframework.boot.test.context.SpringBootTestContextBootstrapper -- Found @SpringBootConfiguration com.websocket.Ewca.EwcaApplication for test class com.websocket.Ewca.EwcaApplicationTests

  .   ____          _            __ _ _
 /\\ / ___'_ __ _ _(_)_ __  __ _ \ \ \ \
( ( )\___ | '_ | '_| | '_ \/ _` | \ \ \ \
 \\/  ___)| |_)| | | | | || (_| |  ) ) ) )
  '  |____| .__|_| |_|_| |_\__, | / / / /
 =========|_|==============|___/=/_/_/_/
 :: Spring Boot ::                (v3.1.6)

2023-12-03T17:28:06.586+03:00  INFO 28189 --- [           main] c.websocket.Ewca.EwcaApplicationTests    : Starting EwcaApplicationTests using Java 17.0.7 with PID 28189 (started by omersaglam in /Users/omersaglam/Documents/IntelliJ Idea/ewca_test)
2023-12-03T17:28:06.594+03:00  INFO 28189 --- [           main] c.websocket.Ewca.EwcaApplicationTests    : No active profile set, falling back to 1 default profile: "default"
2023-12-03T17:28:07.867+03:00  INFO 28189 --- [           main] .s.d.r.c.RepositoryConfigurationDelegate : Bootstrapping Spring Data MongoDB repositories in DEFAULT mode.
2023-12-03T17:28:07.976+03:00  INFO 28189 --- [           main] .s.d.r.c.RepositoryConfigurationDelegate : Finished Spring Data repository scanning in 103 ms. Found 3 MongoDB repository interfaces.
2023-12-03T17:28:09.059+03:00  INFO 28189 --- [           main] org.mongodb.driver.client                : MongoClient with metadata {"driver": {"name": "mongo-java-driver|sync|spring-boot", "version": "4.9.1"}, "os": {"type": "Darwin", "name": "Mac OS X", "architecture": "x86_64", "version": "14.2"}, "platform": "Java/Amazon.com Inc./17.0.7+7-LTS"} created with settings MongoClientSettings{readPreference=primary, writeConcern=WriteConcern{w=null, wTimeout=null ms, journal=null}, retryWrites=true, retryReads=true, readConcern=ReadConcern{level=null}, credential=MongoCredential{mechanism=null, userName='admin', source='admin', password=<hidden>, mechanismProperties=<hidden>}, streamFactoryFactory=null, commandListeners=[], codecRegistry=ProvidersCodecRegistry{codecProviders=[ValueCodecProvider{}, BsonValueCodecProvider{}, DBRefCodecProvider{}, DBObjectCodecProvider{}, DocumentCodecProvider{}, CollectionCodecProvider{}, IterableCodecProvider{}, MapCodecProvider{}, GeoJsonCodecProvider{}, GridFSFileCodecProvider{}, Jsr310CodecProvider{}, JsonObjectCodecProvider{}, BsonCodecProvider{}, EnumCodecProvider{}, com.mongodb.client.model.mql.ExpressionCodecProvider@663f237a, com.mongodb.Jep395RecordCodecProvider@5d7399f9]}, loggerSettings=LoggerSettings{maxDocumentLength=1000}, clusterSettings={hosts=[127.0.0.1:27017], srvHost=chatappdb.jzgmyfi.mongodb.net, srvServiceName=mongodb, mode=MULTIPLE, requiredClusterType=REPLICA_SET, requiredReplicaSetName='atlas-m3niq9-shard-0', serverSelector='null', clusterListeners='[]', serverSelectionTimeout='30000 ms', localThreshold='30000 ms'}, socketSettings=SocketSettings{connectTimeoutMS=10000, readTimeoutMS=0, receiveBufferSize=0, sendBufferSize=0}, heartbeatSocketSettings=SocketSettings{connectTimeoutMS=10000, readTimeoutMS=10000, receiveBufferSize=0, sendBufferSize=0}, connectionPoolSettings=ConnectionPoolSettings{maxSize=100, minSize=0, maxWaitTimeMS=120000, maxConnectionLifeTimeMS=0, maxConnectionIdleTimeMS=0, maintenanceInitialDelayMS=0, maintenanceFrequencyMS=60000, connectionPoolListeners=[], maxConnecting=2}, serverSettings=ServerSettings{heartbeatFrequencyMS=10000, minHeartbeatFrequencyMS=500, serverListeners='[]', serverMonitorListeners='[]'}, sslSettings=SslSettings{enabled=true, invalidHostNameAllowed=false, context=null}, applicationName='null', compressorList=[], uuidRepresentation=JAVA_LEGACY, serverApi=null, autoEncryptionSettings=null, contextProvider=null}
2023-12-03T17:28:09.114+03:00  INFO 28189 --- [yfi.mongodb.net] org.mongodb.driver.cluster               : Adding discovered server ac-k427bx4-shard-00-00.jzgmyfi.mongodb.net:27017 to client view of cluster
2023-12-03T17:28:09.171+03:00  INFO 28189 --- [yfi.mongodb.net] org.mongodb.driver.cluster               : Adding discovered server ac-k427bx4-shard-00-01.jzgmyfi.mongodb.net:27017 to client view of cluster
2023-12-03T17:28:09.173+03:00  INFO 28189 --- [yfi.mongodb.net] org.mongodb.driver.cluster               : Adding discovered server ac-k427bx4-shard-00-02.jzgmyfi.mongodb.net:27017 to client view of cluster
2023-12-03T17:28:10.956+03:00  INFO 28189 --- [ngodb.net:27017] org.mongodb.driver.cluster               : Monitor thread successfully connected to server with description ServerDescription{address=ac-k427bx4-shard-00-02.jzgmyfi.mongodb.net:27017, type=REPLICA_SET_SECONDARY, state=CONNECTED, ok=true, minWireVersion=0, maxWireVersion=17, maxDocumentSize=16777216, logicalSessionTimeoutMinutes=30, roundTripTimeNanos=1039831375, setName='atlas-m3niq9-shard-0', canonicalAddress=ac-k427bx4-shard-00-02.jzgmyfi.mongodb.net:27017, hosts=[ac-k427bx4-shard-00-00.jzgmyfi.mongodb.net:27017, ac-k427bx4-shard-00-01.jzgmyfi.mongodb.net:27017, ac-k427bx4-shard-00-02.jzgmyfi.mongodb.net:27017], passives=[], arbiters=[], primary='ac-k427bx4-shard-00-01.jzgmyfi.mongodb.net:27017', tagSet=TagSet{[Tag{name='availabilityZone', value='mes1-az3'}, Tag{name='nodeType', value='ELECTABLE'}, Tag{name='provider', value='AWS'}, Tag{name='region', value='ME_SOUTH_1'}, Tag{name='workloadType', value='OPERATIONAL'}]}, electionId=null, setVersion=2, topologyVersion=TopologyVersion{processId=65661ddb7dcd0a7ea5aaac75, counter=3}, lastWriteDate=Sun Dec 03 17:28:10 TRT 2023, lastUpdateTimeNanos=15083353206709}
2023-12-03T17:28:10.956+03:00  INFO 28189 --- [ngodb.net:27017] org.mongodb.driver.cluster               : Monitor thread successfully connected to server with description ServerDescription{address=ac-k427bx4-shard-00-00.jzgmyfi.mongodb.net:27017, type=REPLICA_SET_SECONDARY, state=CONNECTED, ok=true, minWireVersion=0, maxWireVersion=17, maxDocumentSize=16777216, logicalSessionTimeoutMinutes=30, roundTripTimeNanos=1040830292, setName='atlas-m3niq9-shard-0', canonicalAddress=ac-k427bx4-shard-00-00.jzgmyfi.mongodb.net:27017, hosts=[ac-k427bx4-shard-00-00.jzgmyfi.mongodb.net:27017, ac-k427bx4-shard-00-01.jzgmyfi.mongodb.net:27017, ac-k427bx4-shard-00-02.jzgmyfi.mongodb.net:27017], passives=[], arbiters=[], primary='ac-k427bx4-shard-00-01.jzgmyfi.mongodb.net:27017', tagSet=TagSet{[Tag{name='availabilityZone', value='mes1-az1'}, Tag{name='nodeType', value='ELECTABLE'}, Tag{name='provider', value='AWS'}, Tag{name='region', value='ME_SOUTH_1'}, Tag{name='workloadType', value='OPERATIONAL'}]}, electionId=null, setVersion=2, topologyVersion=TopologyVersion{processId=65661d382d6e6577166ba0a3, counter=4}, lastWriteDate=Sun Dec 03 17:28:10 TRT 2023, lastUpdateTimeNanos=15083354351792}
2023-12-03T17:28:10.956+03:00  INFO 28189 --- [ngodb.net:27017] org.mongodb.driver.cluster               : Monitor thread successfully connected to server with description ServerDescription{address=ac-k427bx4-shard-00-01.jzgmyfi.mongodb.net:27017, type=REPLICA_SET_PRIMARY, state=CONNECTED, ok=true, minWireVersion=0, maxWireVersion=17, maxDocumentSize=16777216, logicalSessionTimeoutMinutes=30, roundTripTimeNanos=975995917, setName='atlas-m3niq9-shard-0', canonicalAddress=ac-k427bx4-shard-00-01.jzgmyfi.mongodb.net:27017, hosts=[ac-k427bx4-shard-00-00.jzgmyfi.mongodb.net:27017, ac-k427bx4-shard-00-01.jzgmyfi.mongodb.net:27017, ac-k427bx4-shard-00-02.jzgmyfi.mongodb.net:27017], passives=[], arbiters=[], primary='ac-k427bx4-shard-00-01.jzgmyfi.mongodb.net:27017', tagSet=TagSet{[Tag{name='availabilityZone', value='mes1-az2'}, Tag{name='nodeType', value='ELECTABLE'}, Tag{name='provider', value='AWS'}, Tag{name='region', value='ME_SOUTH_1'}, Tag{name='workloadType', value='OPERATIONAL'}]}, electionId=7fffffff000000000000000c, setVersion=2, topologyVersion=TopologyVersion{processId=65661d89911d5479c7563782, counter=6}, lastWriteDate=Sun Dec 03 17:28:10 TRT 2023, lastUpdateTimeNanos=15083353216917}
2023-12-03T17:28:10.970+03:00  INFO 28189 --- [ngodb.net:27017] org.mongodb.driver.cluster               : Discovered replica set primary ac-k427bx4-shard-00-01.jzgmyfi.mongodb.net:27017 with max election id 7fffffff000000000000000c and max set version 2
2023-12-03T17:28:10.982+03:00  INFO 28189 --- [           main] o.s.b.a.w.s.WelcomePageHandlerMapping    : Adding welcome page: class path resource [static/index.html]
2023-12-03T17:28:11.170+03:00  INFO 28189 --- [           main] o.s.m.s.b.SimpleBrokerMessageHandler     : Starting...
2023-12-03T17:28:11.178+03:00  INFO 28189 --- [           main] o.s.m.s.b.SimpleBrokerMessageHandler     : BrokerAvailabilityEvent[available=true, SimpleBrokerMessageHandler [org.springframework.messaging.simp.broker.DefaultSubscriptionRegistry@11826398]]
2023-12-03T17:28:11.179+03:00  INFO 28189 --- [           main] o.s.m.s.b.SimpleBrokerMessageHandler     : Started.
2023-12-03T17:28:11.194+03:00  INFO 28189 --- [           main] c.websocket.Ewca.EwcaApplicationTests    : Started EwcaApplicationTests in 5.104 seconds (process running for 6.655)
]]></system-out>
  </testcase>
</testsuite>